<?xml version="1.0" encoding="UTF-8"?>
<!-- Generated by org.testng.reporters.JUnitReportReporter -->
<testsuite hostname="DESKTOP-OL40KAM" failures="0" tests="2" name="org.demo.DemoTestng" time="6.671" errors="0" timestamp="07 Dec 2021 17:48:12 GMT" skipped="1">
  <testcase classname="org.demo.DemoTestng" name="login" time="6.671"/>
  <testcase classname="org.demo.DemoTestng" name="click">
    <skipped/>
  </testcase> <!-- click -->
</testsuite> <!-- org.demo.DemoTestng -->
